<?xml version="1.0" encoding="UTF-8"?>
<<<<<<< Updated upstream
<<<<<<< Updated upstream
<testsuite xmlns:xsi="http://www.w3.org/2001/XMLSchema-instance" xsi:noNamespaceSchemaLocation="https://maven.apache.org/surefire/maven-surefire-plugin/xsd/surefire-test-report-3.0.xsd" version="3.0" name="app.MainTest" time="0.397" tests="6" errors="0" skipped="0" failures="0">
=======
<testsuite xmlns:xsi="http://www.w3.org/2001/XMLSchema-instance" xsi:noNamespaceSchemaLocation="https://maven.apache.org/surefire/maven-surefire-plugin/xsd/surefire-test-report-3.0.xsd" version="3.0" name="app.MainTest" time="0.311" tests="6" errors="0" skipped="0" failures="0">
>>>>>>> Stashed changes
=======
<testsuite xmlns:xsi="http://www.w3.org/2001/XMLSchema-instance" xsi:noNamespaceSchemaLocation="https://maven.apache.org/surefire/maven-surefire-plugin/xsd/surefire-test-report-3.0.xsd" version="3.0" name="app.MainTest" time="0.311" tests="6" errors="0" skipped="0" failures="0">
>>>>>>> Stashed changes
  <properties>
    <property name="java.specification.version" value="17"/>
    <property name="sun.cpu.isalist" value="amd64"/>
    <property name="sun.jnu.encoding" value="Cp1252"/>
    <property name="java.class.path" value="C:\Users\Luis Frasheri\Desktop\Luis\Università\Progetto_PMO\FarmSimulator\target\test-classes;C:\Users\Luis Frasheri\Desktop\Luis\Università\Progetto_PMO\FarmSimulator\target\classes;C:\Users\Luis Frasheri\.m2\repository\junit\junit\4.13.2\junit-4.13.2.jar;C:\Users\Luis Frasheri\.m2\repository\org\hamcrest\hamcrest-core\1.3\hamcrest-core-1.3.jar;"/>
    <property name="java.vm.vendor" value="Eclipse Adoptium"/>
    <property name="sun.arch.data.model" value="64"/>
    <property name="user.variant" value=""/>
    <property name="java.vendor.url" value="https://adoptium.net/"/>
    <property name="user.timezone" value="Europe/Rome"/>
    <property name="os.name" value="Windows 10"/>
    <property name="java.vm.specification.version" value="17"/>
    <property name="sun.java.launcher" value="SUN_STANDARD"/>
    <property name="user.country" value="IT"/>
<<<<<<< Updated upstream
<<<<<<< Updated upstream
    <property name="sun.boot.library.path" value="C:\Program Files\Eclipse Adoptium\jdk-17.0.4.101-hotspot\bin"/>
    <property name="sun.java.command" value="C:\Users\pingu\AppData\Local\Temp\surefire11170437589138593460\surefirebooter-20230428112351013_3.jar C:\Users\pingu\AppData\Local\Temp\surefire11170437589138593460 2023-04-28T11-23-50_501-jvmRun1 surefire-20230428112351013_1tmp surefire_0-20230428112351013_2tmp"/>
=======
    <property name="sun.boot.library.path" value="C:\Program Files\Eclipse Adoptium\jdk-17.0.6.10-hotspot\bin"/>
    <property name="sun.java.command" value="C:\Users\Luis Frasheri\AppData\Local\Temp\surefire2946891037005106522\surefirebooter-20230423181633122_3.jar C:\Users\Luis Frasheri\AppData\Local\Temp\surefire2946891037005106522 2023-04-23T18-16-32_447-jvmRun1 surefire-20230423181633122_1tmp surefire_0-20230423181633122_2tmp"/>
>>>>>>> Stashed changes
=======
    <property name="sun.boot.library.path" value="C:\Program Files\Eclipse Adoptium\jdk-17.0.6.10-hotspot\bin"/>
    <property name="sun.java.command" value="C:\Users\Luis Frasheri\AppData\Local\Temp\surefire2946891037005106522\surefirebooter-20230423181633122_3.jar C:\Users\Luis Frasheri\AppData\Local\Temp\surefire2946891037005106522 2023-04-23T18-16-32_447-jvmRun1 surefire-20230423181633122_1tmp surefire_0-20230423181633122_2tmp"/>
>>>>>>> Stashed changes
    <property name="jdk.debug" value="release"/>
    <property name="surefire.test.class.path" value="C:\Users\Luis Frasheri\Desktop\Luis\Università\Progetto_PMO\FarmSimulator\target\test-classes;C:\Users\Luis Frasheri\Desktop\Luis\Università\Progetto_PMO\FarmSimulator\target\classes;C:\Users\Luis Frasheri\.m2\repository\junit\junit\4.13.2\junit-4.13.2.jar;C:\Users\Luis Frasheri\.m2\repository\org\hamcrest\hamcrest-core\1.3\hamcrest-core-1.3.jar;"/>
    <property name="sun.cpu.endian" value="little"/>
    <property name="user.home" value="C:\Users\Luis Frasheri"/>
    <property name="user.language" value="it"/>
    <property name="java.specification.vendor" value="Oracle Corporation"/>
    <property name="java.version.date" value="2023-01-17"/>
    <property name="java.home" value="C:\Program Files\Eclipse Adoptium\jdk-17.0.6.10-hotspot"/>
    <property name="file.separator" value="\"/>
    <property name="basedir" value="C:\Users\Luis Frasheri\Desktop\Luis\Università\Progetto_PMO\FarmSimulator"/>
    <property name="java.vm.compressedOopsMode" value="32-bit"/>
    <property name="line.separator" value="&#10;"/>
    <property name="java.vm.specification.vendor" value="Oracle Corporation"/>
    <property name="java.specification.name" value="Java Platform API Specification"/>
<<<<<<< Updated upstream
<<<<<<< Updated upstream
    <property name="surefire.real.class.path" value="C:\Users\pingu\AppData\Local\Temp\surefire11170437589138593460\surefirebooter-20230428112351013_3.jar"/>
=======
    <property name="surefire.real.class.path" value="C:\Users\Luis Frasheri\AppData\Local\Temp\surefire2946891037005106522\surefirebooter-20230423181633122_3.jar"/>
>>>>>>> Stashed changes
=======
    <property name="surefire.real.class.path" value="C:\Users\Luis Frasheri\AppData\Local\Temp\surefire2946891037005106522\surefirebooter-20230423181633122_3.jar"/>
>>>>>>> Stashed changes
    <property name="user.script" value=""/>
    <property name="sun.management.compiler" value="HotSpot 64-Bit Tiered Compilers"/>
    <property name="java.runtime.version" value="17.0.6+10"/>
    <property name="user.name" value="Luis Frasheri"/>
    <property name="path.separator" value=";"/>
    <property name="os.version" value="10.0"/>
    <property name="java.runtime.name" value="OpenJDK Runtime Environment"/>
    <property name="file.encoding" value="Cp1252"/>
    <property name="java.vm.name" value="OpenJDK 64-Bit Server VM"/>
    <property name="java.vendor.version" value="Temurin-17.0.6+10"/>
    <property name="localRepository" value="C:\Users\Luis Frasheri\.m2\repository"/>
    <property name="java.vendor.url.bug" value="https://github.com/adoptium/adoptium-support/issues"/>
    <property name="java.io.tmpdir" value="C:\Users\LUISFR~1\AppData\Local\Temp\"/>
    <property name="java.version" value="17.0.6"/>
    <property name="user.dir" value="C:\Users\Luis Frasheri\Desktop\Luis\Università\Progetto_PMO\FarmSimulator"/>
    <property name="os.arch" value="amd64"/>
    <property name="java.vm.specification.name" value="Java Virtual Machine Specification"/>
    <property name="sun.os.patch.level" value=""/>
    <property name="native.encoding" value="Cp1252"/>
    <property name="java.library.path" value="C:\Program Files\Eclipse Adoptium\jdk-17.0.6.10-hotspot\bin;C:\Windows\Sun\Java\bin;C:\Windows\system32;C:\Windows;C:\Program Files\Eclipse Adoptium\jdk-17.0.6.10-hotspot\bin;C:\Windows\system32;C:\Windows;C:\Windows\System32\Wbem;C:\Windows\System32\WindowsPowerShell\v1.0\;C:\Windows\System32\OpenSSH\;C:\Program Files\Git\cmd;C:\Users\Luis Frasheri\AppData\Local\Microsoft\WindowsApps;C:\Users\Luis Frasheri\Desktop\Sviluppo software\Microsoft VS Code\bin;C:\Users\Luis Frasheri\Desktop\Luis\Sviluppo software\apache-maven-3.9.1\bin;;."/>
    <property name="java.vm.info" value="mixed mode, sharing"/>
    <property name="java.vendor" value="Eclipse Adoptium"/>
    <property name="java.vm.version" value="17.0.6+10"/>
    <property name="sun.io.unicode.encoding" value="UnicodeLittle"/>
    <property name="java.class.version" value="61.0"/>
  </properties>
<<<<<<< Updated upstream
<<<<<<< Updated upstream
  <testcase name="balanceShouldBeGreaterAfterSell" classname="app.MainTest" time="0.153"/>
  <testcase name="boughtItemShouldBeAddedToTheBarn" classname="app.MainTest" time="0"/>
  <testcase name="landShouldBeAddedAfterBoughtIt" classname="app.MainTest" time="0"/>
  <testcase name="theProductsShouldBeStacked" classname="app.MainTest" time="0.013"/>
  <testcase name="addedAnimalToTheChunk" classname="app.MainTest" time="0.033"/>
=======
=======
>>>>>>> Stashed changes
  <testcase name="balanceShouldBeGreaterAfterSell" classname="app.MainTest" time="0.08"/>
  <testcase name="boughtItemShouldBeAddedToTheBarn" classname="app.MainTest" time="0"/>
  <testcase name="landShouldBeAddedAfterBoughtIt" classname="app.MainTest" time="0"/>
  <testcase name="theProductsShouldBeStacked" classname="app.MainTest" time="0"/>
  <testcase name="addedAnimalToTheChunk" classname="app.MainTest" time="0.01"/>
<<<<<<< Updated upstream
>>>>>>> Stashed changes
=======
>>>>>>> Stashed changes
  <testcase name="plantedToHarvestCarrot" classname="app.MainTest" time="0.03"/>
</testsuite>