<?xml version="1.0" encoding="UTF-8"?>
<testsuite xmlns:xsi="http://www.w3.org/2001/XMLSchema-instance" xsi:noNamespaceSchemaLocation="https://maven.apache.org/surefire/maven-surefire-plugin/xsd/surefire-test-report-3.0.xsd" version="3.0" name="app.MainTest" time="0.385" tests="6" errors="0" skipped="0" failures="0">
  <properties>
    <property name="java.specification.version" value="17"/>
    <property name="sun.cpu.isalist" value="amd64"/>
    <property name="sun.jnu.encoding" value="Cp1252"/>
    <property name="java.class.path" value="C:\Users\pingu\MySoftware\Java\Progetto_PMO\FarmSimulator\target\test-classes;C:\Users\pingu\MySoftware\Java\Progetto_PMO\FarmSimulator\target\classes;C:\Users\pingu\.m2\repository\junit\junit\4.13.2\junit-4.13.2.jar;C:\Users\pingu\.m2\repository\org\hamcrest\hamcrest-core\1.3\hamcrest-core-1.3.jar;"/>
    <property name="java.vm.vendor" value="Eclipse Adoptium"/>
    <property name="sun.arch.data.model" value="64"/>
    <property name="user.variant" value=""/>
    <property name="java.vendor.url" value="https://adoptium.net/"/>
    <property name="user.timezone" value="Europe/Rome"/>
    <property name="os.name" value="Windows 11"/>
    <property name="java.vm.specification.version" value="17"/>
    <property name="sun.java.launcher" value="SUN_STANDARD"/>
    <property name="user.country" value="IT"/>
    <property name="sun.boot.library.path" value="C:\Program Files\Eclipse Adoptium\jdk-17.0.4.101-hotspot\bin"/>
    <property name="sun.java.command" value="C:\Users\pingu\AppData\Local\Temp\surefire12380647429568302753\surefirebooter-20230419125114498_3.jar C:\Users\pingu\AppData\Local\Temp\surefire12380647429568302753 2023-04-19T12-51-14_003-jvmRun1 surefire-20230419125114498_1tmp surefire_0-20230419125114498_2tmp"/>
    <property name="jdk.debug" value="release"/>
    <property name="surefire.test.class.path" value="C:\Users\pingu\MySoftware\Java\Progetto_PMO\FarmSimulator\target\test-classes;C:\Users\pingu\MySoftware\Java\Progetto_PMO\FarmSimulator\target\classes;C:\Users\pingu\.m2\repository\junit\junit\4.13.2\junit-4.13.2.jar;C:\Users\pingu\.m2\repository\org\hamcrest\hamcrest-core\1.3\hamcrest-core-1.3.jar;"/>
    <property name="sun.cpu.endian" value="little"/>
    <property name="user.home" value="C:\Users\pingu"/>
    <property name="user.language" value="it"/>
    <property name="java.specification.vendor" value="Oracle Corporation"/>
    <property name="java.version.date" value="2022-08-12"/>
    <property name="java.home" value="C:\Program Files\Eclipse Adoptium\jdk-17.0.4.101-hotspot"/>
    <property name="file.separator" value="\"/>
    <property name="basedir" value="C:\Users\pingu\MySoftware\Java\Progetto_PMO\FarmSimulator"/>
    <property name="java.vm.compressedOopsMode" value="Zero based"/>
    <property name="line.separator" value="&#10;"/>
    <property name="java.vm.specification.vendor" value="Oracle Corporation"/>
    <property name="java.specification.name" value="Java Platform API Specification"/>
    <property name="surefire.real.class.path" value="C:\Users\pingu\AppData\Local\Temp\surefire12380647429568302753\surefirebooter-20230419125114498_3.jar"/>
    <property name="user.script" value=""/>
    <property name="sun.management.compiler" value="HotSpot 64-Bit Tiered Compilers"/>
    <property name="java.runtime.version" value="17.0.4.1+1"/>
    <property name="user.name" value="pingu"/>
    <property name="path.separator" value=";"/>
    <property name="os.version" value="10.0"/>
    <property name="java.runtime.name" value="OpenJDK Runtime Environment"/>
    <property name="file.encoding" value="Cp1252"/>
    <property name="java.vm.name" value="OpenJDK 64-Bit Server VM"/>
    <property name="java.vendor.version" value="Temurin-17.0.4.1+1"/>
    <property name="localRepository" value="C:\Users\pingu\.m2\repository"/>
    <property name="java.vendor.url.bug" value="https://github.com/adoptium/adoptium-support/issues"/>
    <property name="java.io.tmpdir" value="C:\Users\pingu\AppData\Local\Temp\"/>
    <property name="java.version" value="17.0.4.1"/>
    <property name="user.dir" value="C:\Users\pingu\MySoftware\Java\Progetto_PMO\FarmSimulator"/>
    <property name="os.arch" value="amd64"/>
    <property name="java.vm.specification.name" value="Java Virtual Machine Specification"/>
    <property name="sun.os.patch.level" value=""/>
    <property name="native.encoding" value="Cp1252"/>
    <property name="java.library.path" value="C:\Program Files\Eclipse Adoptium\jdk-17.0.4.101-hotspot\bin;C:\WINDOWS\Sun\Java\bin;C:\WINDOWS\system32;C:\WINDOWS;C:\Program Files\PowerShell\7;C:\Program Files\Eclipse Adoptium\jdk-17.0.4.101-hotspot\bin;C:\Program Files\Oculus\Support\oculus-runtime;C:\Program Files\Common Files\Oracle\Java\javapath;C:\Program Files (x86)\Common Files\Oracle\Java\javapath;C:\Program Files (x86)\VMware\VMware Workstation\bin\;C:\Program Files (x86)\Common Files\Intel\Shared Libraries\redist\intel64\compiler;C:\Windows\system32;C:\Windows;C:\Windows\System32\Wbem;C:\Windows\System32\WindowsPowerShell\v1.0\;C:\Windows\System32\OpenSSH\;C:\Program Files (x86)\NVIDIA Corporation\PhysX\Common;C:\Program Files\NVIDIA Corporation\NVIDIA NvDLISR;C:\WINDOWS\system32;C:\WINDOWS;C:\WINDOWS\System32\Wbem;C:\WINDOWS\System32\WindowsPowerShell\v1.0\;C:\WINDOWS\System32\OpenSSH\;C:\Program Files\Microsoft SQL Server\130\Tools\Binn\;C:\Program Files\Microsoft SQL Server\Client SDK\ODBC\170\Tools\Binn\;C:\Program Files\dotnet\;C:\MinGW\bin;C:\Users\pingu\AppData\Local\Programs\Python\Python39;C:\WINDOWS\system32;C:\WINDOWS;C:\WINDOWS\System32\Wbem;C:\WINDOWS\System32\WindowsPowerShell\v1.0\;C:\WINDOWS\System32\OpenSSH\;C:\Program Files\Microsoft SQL Server\Client SDK\ODBC\130\Tools\Binn\;C:\Program Files (x86)\Microsoft SQL Server\130\Tools\Binn\;C:\Program Files\Microsoft SQL Server\130\DTS\Binn\;C:\Program Files\Docker\Docker\resources\bin;C:\Program Files\Git\cmd;C:\Program Files\Mullvad VPN\resources;C:\Program Files\PowerShell\7\;C:\Users\pingu\AppData\Local\Programs\Python\Python39\Scripts\;C:\Users\pingu\AppData\Local\Programs\Python\Python39\;C:\Users\pingu\AppData\Local\Programs\Python\Python310\Scripts\;C:\Users\pingu\AppData\Local\Programs\Python\Python310\;C:\Users\pingu\AppData\Local\Microsoft\WindowsApps;C:\Users\pingu\AppData\Local\Programs\Microsoft VS Code\bin;C:\Users\pingu\Documents\flutter_windows_2.10.2-stable\flutter\bin;C:\Program Files\Git\bin;C:\Program Files\Android\cmdline-tools\tools\bin;C:\Users\pingu\AppData\Local\Programs\MiKTeX\miktex\bin\x64\;C:\Program Files\JetBrains\IntelliJ IDEA 2022.2\bin;;C:\Users\pingu\AppData\Local\Programs\oh-my-posh\bin;C:\Users\pingu\AppData\Local\GitHubDesktop\bin;C:\Users\pingu\Downloads\apache-maven-3.9.1\bin;;."/>
    <property name="java.vm.info" value="mixed mode, sharing"/>
    <property name="java.vendor" value="Eclipse Adoptium"/>
    <property name="java.vm.version" value="17.0.4.1+1"/>
    <property name="sun.io.unicode.encoding" value="UnicodeLittle"/>
    <property name="java.class.version" value="61.0"/>
  </properties>
  <testcase name="balanceShouldBeGreaterAfterSell" classname="app.MainTest" time="0.124"/>
  <testcase name="boughtItemShouldBeAddedToTheBarn" classname="app.MainTest" time="0.001"/>
  <testcase name="landShouldBeAddedAfterBoughtIt" classname="app.MainTest" time="0.002"/>
  <testcase name="theProductsShouldBeStacked" classname="app.MainTest" time="0.01">
    <system-out><![CDATA[189  3
]]></system-out>
  </testcase>
  <testcase name="addedAnimalToTheChunk" classname="app.MainTest" time="0.085">
    <system-out><![CDATA[Eggs2
Eggs2
Eggs4
Eggs4
Eggs6
Eggs6
Eggs8
Eggs8
Eggs10
Eggs10
Eggs12
Eggs12
Eggs14
Eggs14
Eggs16
Eggs16
Eggs18
Eggs18
Eggs20
Eggs20
Eggs22
Eggs22
Eggs24
Eggs24
Eggs26
Eggs26
Eggs28
Eggs28
Eggs30
Eggs30
Eggs33
Eggs33
Eggs36
Eggs36
Eggs39
Eggs39
Eggs42
Eggs42
Eggs45
Eggs45
Eggs48
Eggs48
Eggs51
Eggs51
Eggs54
Eggs54
Eggs57
Eggs57
Eggs60
Eggs60
Eggs63
Eggs63
Eggs66
Eggs66
Eggs69
Eggs69
Eggs72
Eggs72
Eggs75
Eggs75
Eggs78
Eggs78
Eggs81
Eggs81
Eggs84
Eggs84
Eggs3
Eggs3
Eggs6
Eggs6
Eggs9
Eggs9
Eggs9
Eggs9
Eggs9
Eggs9
]]></system-out>
  </testcase>
  <testcase name="plantedToHarvestCarrot" classname="app.MainTest" time="0.016"/>
</testsuite>